<?xml version="1.0" encoding="UTF-8"?>
<testsuite name="com.hikdonate.donate.DonateApplicationTests" tests="1" skipped="0" failures="0" errors="0" timestamp="2024-07-23T07:25:44" hostname="LAPTOP-1ELL0G8C" time="0.494">
  <properties/>
  <testcase name="contextLoads()" classname="com.hikdonate.donate.DonateApplicationTests" time="0.494"/>
  <system-out><![CDATA[16:25:39.902 [Test worker] INFO org.springframework.test.context.support.AnnotationConfigContextLoaderUtils -- Could not detect default configuration classes for test class [com.hikdonate.donate.DonateApplicationTests]: DonateApplicationTests does not declare any static, non-private, non-final, nested classes annotated with @Configuration.
16:25:40.015 [Test worker] INFO org.springframework.boot.test.context.SpringBootTestContextBootstrapper -- Found @SpringBootConfiguration com.hikdonate.donate.DonateApplication for test class com.hikdonate.donate.DonateApplicationTests

  .   ____          _            __ _ _
 /\\ / ___'_ __ _ _(_)_ __  __ _ \ \ \ \
( ( )\___ | '_ | '_| | '_ \/ _` | \ \ \ \
 \\/  ___)| |_)| | | | | || (_| |  ) ) ) )
  '  |____| .__|_| |_|_| |_\__, | / / / /
 =========|_|==============|___/=/_/_/_/

 :: Spring Boot ::                (v3.3.1)

2024-07-23T16:25:40.424+09:00  INFO 16588 --- [donate] [    Test worker] c.h.donate.DonateApplicationTests        : Starting DonateApplicationTests using Java 17.0.11 with PID 16588 (started by yhyh1 in C:\githubfile\doNate_2024Capstone\donate)
2024-07-23T16:25:40.424+09:00  INFO 16588 --- [donate] [    Test worker] c.h.donate.DonateApplicationTests        : No active profile set, falling back to 1 default profile: "default"
2024-07-23T16:25:41.097+09:00  INFO 16588 --- [donate] [    Test worker] .s.d.r.c.RepositoryConfigurationDelegate : Bootstrapping Spring Data JPA repositories in DEFAULT mode.
2024-07-23T16:25:41.116+09:00  INFO 16588 --- [donate] [    Test worker] .s.d.r.c.RepositoryConfigurationDelegate : Finished Spring Data repository scanning in 6 ms. Found 0 JPA repository interfaces.
2024-07-23T16:25:41.255+09:00  WARN 16588 --- [donate] [    Test worker] o.m.s.mapper.ClassPathMapperScanner      : No MyBatis mapper was found in '[com.hikdonate.donate]' package. Please check your configuration.
2024-07-23T16:25:41.602+09:00  INFO 16588 --- [donate] [    Test worker] o.hibernate.jpa.internal.util.LogHelper  : HHH000204: Processing PersistenceUnitInfo [name: default]
2024-07-23T16:25:41.665+09:00  INFO 16588 --- [donate] [    Test worker] org.hibernate.Version                    : HHH000412: Hibernate ORM core version 6.5.2.Final
2024-07-23T16:25:41.697+09:00  INFO 16588 --- [donate] [    Test worker] o.h.c.internal.RegionFactoryInitiator    : HHH000026: Second-level cache disabled
2024-07-23T16:25:42.016+09:00  INFO 16588 --- [donate] [    Test worker] o.s.o.j.p.SpringPersistenceUnitInfo      : No LoadTimeWeaver setup: ignoring JPA class transformer
2024-07-23T16:25:42.029+09:00  INFO 16588 --- [donate] [    Test worker] com.zaxxer.hikari.HikariDataSource       : HikariPool-1 - Starting...
2024-07-23T16:25:42.139+09:00  INFO 16588 --- [donate] [    Test worker] com.zaxxer.hikari.pool.HikariPool        : HikariPool-1 - Added connection conn0: url=jdbc:h2:tcp://localhost/~/test user=SA
2024-07-23T16:25:42.139+09:00  INFO 16588 --- [donate] [    Test worker] com.zaxxer.hikari.HikariDataSource       : HikariPool-1 - Start completed.
2024-07-23T16:25:42.170+09:00  WARN 16588 --- [donate] [    Test worker] org.hibernate.orm.deprecation            : HHH90000025: H2Dialect does not need to be specified explicitly using 'hibernate.dialect' (remove the property setting and it will be selected by default)
2024-07-23T16:25:43.094+09:00  INFO 16588 --- [donate] [    Test worker] o.h.e.t.j.p.i.JtaPlatformInitiator       : HHH000489: No JTA platform available (set 'hibernate.transaction.jta.platform' to enable JTA platform integration)
2024-07-23T16:25:43.158+09:00  INFO 16588 --- [donate] [    Test worker] j.LocalContainerEntityManagerFactoryBean : Initialized JPA EntityManagerFactory for persistence unit 'default'
2024-07-23T16:25:43.218+09:00  WARN 16588 --- [donate] [    Test worker] JpaBaseConfiguration$JpaWebConfiguration : spring.jpa.open-in-view is enabled by default. Therefore, database queries may be performed during view rendering. Explicitly configure spring.jpa.open-in-view to disable this warning
2024-07-23T16:25:43.237+09:00  WARN 16588 --- [donate] [    Test worker] .s.s.UserDetailsServiceAutoConfiguration : 

Using generated security password: 31906062-4da6-4596-a0ea-b96e55ca18b8

This generated password is for development use only. Your security configuration must be updated before running your application in production.

2024-07-23T16:25:43.252+09:00  INFO 16588 --- [donate] [    Test worker] r$InitializeUserDetailsManagerConfigurer : Global AuthenticationManager configured with UserDetailsService bean with name inMemoryUserDetailsManager
2024-07-23T16:25:43.806+09:00  WARN 16588 --- [donate] [    Test worker] ion$DefaultTemplateResolverConfiguration : Cannot find template location: classpath:/templates/ (please add some templates, check your Thymeleaf configuration, or set spring.thymeleaf.check-template-location=false)
2024-07-23T16:25:43.920+09:00  INFO 16588 --- [donate] [    Test worker] o.s.b.a.h2.H2ConsoleAutoConfiguration    : H2 console available at '/h2-console'. Database available at 'jdbc:h2:tcp://localhost/~/test'
2024-07-23T16:25:43.995+09:00  INFO 16588 --- [donate] [    Test worker] c.h.donate.DonateApplicationTests        : Started DonateApplicationTests in 3.81 seconds (process running for 5.052)
]]></system-out>
  <system-err><![CDATA[]]></system-err>
</testsuite>
